This file contains any messages produced by compilers while
running configure, to aid debugging if configure makes a mistake.

It was created by configure, which was
generated by GNU Autoconf 2.66.  Invocation command line was

  $ ./configure --no-create --no-recursion

## --------- ##
## Platform. ##
## --------- ##

hostname = localhost.localdomain
uname -m = i686
uname -r = 2.6.35.14-96.fc14.i686
uname -s = Linux
uname -v = #1 SMP Thu Sep 1 12:49:38 UTC 2011

/usr/bin/uname -p = unknown
/bin/uname -X     = unknown

/bin/arch              = i686
/usr/bin/arch -k       = unknown
/usr/convex/getsysinfo = unknown
/usr/bin/hostinfo      = unknown
/bin/machine           = unknown
/usr/bin/oslevel       = unknown
/bin/universe          = unknown

PATH: /usr/lib/qt-3.3/bin
PATH: /usr/lib/ccache
PATH: /usr/local/bin
PATH: /usr/bin
PATH: /bin
PATH: /usr/local/sbin
PATH: /usr/sbin
PATH: /sbin
PATH: /home/zhangfeng/bin
PATH: /home/zhangfeng/telechips/tcc890x_common/trunk/packages/target/qt4.6.2/release/bin/
PATH: /usr/java/jdk1.6.0_27/bin/
PATH: /opt/armv6/codesourcery/bin/


## ----------- ##
## Core tests. ##
## ----------- ##

configure:2150: checking for a BSD-compatible install
configure:2218: result: /usr/bin/install -c
configure:2229: checking whether build environment is sane
configure:2279: result: yes
configure:2420: checking for a thread-safe mkdir -p
configure:2459: result: /bin/mkdir -p
configure:2472: checking for gawk
configure:2488: found /usr/bin/gawk
configure:2499: result: gawk
configure:2510: checking whether make sets $(MAKE)
configure:2532: result: yes
configure:2663: checking for gcc
configure:2679: found /usr/lib/ccache/gcc
configure:2690: result: gcc
configure:2919: checking for C compiler version
configure:2928: gcc --version >&5
gcc (GCC) 4.5.1 20100924 (Red Hat 4.5.1-4)
Copyright (C) 2010 Free Software Foundation, Inc.
This is free software; see the source for copying conditions.  There is NO
warranty; not even for MERCHANTABILITY or FITNESS FOR A PARTICULAR PURPOSE.

configure:2939: $? = 0
configure:2928: gcc -v >&5
Using built-in specs.
COLLECT_GCC=/usr/bin/gcc
COLLECT_LTO_WRAPPER=/usr/libexec/gcc/i686-redhat-linux/4.5.1/lto-wrapper
Target: i686-redhat-linux
Configured with: ../configure --prefix=/usr --mandir=/usr/share/man --infodir=/usr/share/info --with-bugurl=http://bugzilla.redhat.com/bugzilla --enable-bootstrap --enable-shared --enable-threads=posix --enable-checking=release --with-system-zlib --enable-__cxa_atexit --disable-libunwind-exceptions --enable-gnu-unique-object --enable-linker-build-id --enable-languages=c,c++,objc,obj-c++,java,fortran,ada,lto --enable-plugin --enable-java-awt=gtk --disable-dssi --with-java-home=/usr/lib/jvm/java-1.5.0-gcj-1.5.0.0/jre --enable-libgcj-multifile --enable-java-maintainer-mode --with-ecj-jar=/usr/share/java/eclipse-ecj.jar --disable-libjava-multilib --with-ppl --with-cloog --with-tune=generic --with-arch=i686 --build=i686-redhat-linux
Thread model: posix
gcc version 4.5.1 20100924 (Red Hat 4.5.1-4) (GCC) 
configure:2939: $? = 0
configure:2928: gcc -V >&5
gcc: '-V' option must have argument
configure:2939: $? = 1
configure:2928: gcc -qversion >&5
gcc: unrecognized option '-qversion'
gcc: no input files
configure:2939: $? = 1
configure:2959: checking whether the C compiler works
configure:2981: gcc    conftest.c  >&5
configure:2985: $? = 0
configure:3033: result: yes
configure:3036: checking for C compiler default output file name
configure:3038: result: a.out
configure:3044: checking for suffix of executables
configure:3051: gcc -o conftest    conftest.c  >&5
configure:3055: $? = 0
configure:3077: result: 
configure:3099: checking whether we are cross compiling
configure:3107: gcc -o conftest    conftest.c  >&5
configure:3111: $? = 0
configure:3118: ./conftest
configure:3122: $? = 0
configure:3137: result: no
configure:3142: checking for suffix of object files
configure:3164: gcc -c   conftest.c >&5
configure:3168: $? = 0
configure:3189: result: o
configure:3193: checking whether we are using the GNU C compiler
configure:3212: gcc -c   conftest.c >&5
configure:3212: $? = 0
configure:3221: result: yes
configure:3230: checking whether gcc accepts -g
configure:3250: gcc -c -g  conftest.c >&5
configure:3250: $? = 0
configure:3291: result: yes
configure:3308: checking for gcc option to accept ISO C89
configure:3372: gcc  -c -g -O2  conftest.c >&5
configure:3372: $? = 0
configure:3385: result: none needed
configure:3416: checking for style of include used by make
configure:3444: result: GNU
configure:3469: checking dependency style of gcc
configure:3579: result: gcc3
configure:3602: checking how to run the C preprocessor
configure:3633: gcc -E  conftest.c
configure:3633: $? = 0
configure:3647: gcc -E  conftest.c
conftest.c:11:28: fatal error: ac_nonexistent.h: No such file or directory
compilation terminated.
configure:3647: $? = 1
configure: failed program was:
| /* confdefs.h */
| #define PACKAGE_NAME ""
| #define PACKAGE_TARNAME ""
| #define PACKAGE_VERSION ""
| #define PACKAGE_STRING ""
| #define PACKAGE_BUGREPORT ""
| #define PACKAGE_URL ""
| #define PACKAGE "interceptty"
| #define VERSION "0.6"
| /* end confdefs.h.  */
| #include <ac_nonexistent.h>
configure:3672: result: gcc -E
configure:3692: gcc -E  conftest.c
configure:3692: $? = 0
configure:3706: gcc -E  conftest.c
conftest.c:11:28: fatal error: ac_nonexistent.h: No such file or directory
compilation terminated.
configure:3706: $? = 1
configure: failed program was:
| /* confdefs.h */
| #define PACKAGE_NAME ""
| #define PACKAGE_TARNAME ""
| #define PACKAGE_VERSION ""
| #define PACKAGE_STRING ""
| #define PACKAGE_BUGREPORT ""
| #define PACKAGE_URL ""
| #define PACKAGE "interceptty"
| #define VERSION "0.6"
| /* end confdefs.h.  */
| #include <ac_nonexistent.h>
configure:3735: checking for grep that handles long lines and -e
configure:3793: result: /bin/grep
configure:3798: checking for egrep
configure:3860: result: /bin/grep -E
configure:3865: checking for ANSI C header files
configure:3885: gcc -c -g -O2  conftest.c >&5
configure:3885: $? = 0
configure:3958: gcc -o conftest -g -O2   conftest.c  >&5
configure:3958: $? = 0
configure:3958: ./conftest
configure:3958: $? = 0
configure:3969: result: yes
configure:3977: checking for sys/wait.h that is POSIX.1 compatible
configure:4003: gcc -c -g -O2  conftest.c >&5
configure:4003: $? = 0
configure:4010: result: yes
configure:4023: checking for sys/types.h
configure:4023: gcc -c -g -O2  conftest.c >&5
configure:4023: $? = 0
configure:4023: result: yes
configure:4023: checking for sys/stat.h
configure:4023: gcc -c -g -O2  conftest.c >&5
configure:4023: $? = 0
configure:4023: result: yes
configure:4023: checking for stdlib.h
configure:4023: gcc -c -g -O2  conftest.c >&5
configure:4023: $? = 0
configure:4023: result: yes
configure:4023: checking for string.h
configure:4023: gcc -c -g -O2  conftest.c >&5
configure:4023: $? = 0
configure:4023: result: yes
configure:4023: checking for memory.h
configure:4023: gcc -c -g -O2  conftest.c >&5
configure:4023: $? = 0
configure:4023: result: yes
configure:4023: checking for strings.h
configure:4023: gcc -c -g -O2  conftest.c >&5
configure:4023: $? = 0
configure:4023: result: yes
configure:4023: checking for inttypes.h
configure:4023: gcc -c -g -O2  conftest.c >&5
configure:4023: $? = 0
configure:4023: result: yes
configure:4023: checking for stdint.h
configure:4023: gcc -c -g -O2  conftest.c >&5
configure:4023: $? = 0
configure:4023: result: yes
configure:4023: checking for unistd.h
configure:4023: gcc -c -g -O2  conftest.c >&5
configure:4023: $? = 0
configure:4023: result: yes
configure:4038: checking fcntl.h usability
configure:4038: gcc -c -g -O2  conftest.c >&5
configure:4038: $? = 0
configure:4038: result: yes
configure:4038: checking fcntl.h presence
configure:4038: gcc -E  conftest.c
configure:4038: $? = 0
configure:4038: result: yes
configure:4038: checking for fcntl.h
configure:4038: result: yes
configure:4038: checking sys/ioctl.h usability
configure:4038: gcc -c -g -O2  conftest.c >&5
configure:4038: $? = 0
configure:4038: result: yes
configure:4038: checking sys/ioctl.h presence
configure:4038: gcc -E  conftest.c
configure:4038: $? = 0
configure:4038: result: yes
configure:4038: checking for sys/ioctl.h
configure:4038: result: yes
configure:4038: checking for unistd.h
configure:4038: result: yes
configure:4038: checking util.h usability
configure:4038: gcc -c -g -O2  conftest.c >&5
conftest.c:58:18: fatal error: util.h: No such file or directory
compilation terminated.
configure:4038: $? = 1
configure: failed program was:
| /* confdefs.h */
| #define PACKAGE_NAME ""
| #define PACKAGE_TARNAME ""
| #define PACKAGE_VERSION ""
| #define PACKAGE_STRING ""
| #define PACKAGE_BUGREPORT ""
| #define PACKAGE_URL ""
| #define PACKAGE "interceptty"
| #define VERSION "0.6"
| #define STDC_HEADERS 1
| #define HAVE_SYS_WAIT_H 1
| #define HAVE_SYS_TYPES_H 1
| #define HAVE_SYS_STAT_H 1
| #define HAVE_STDLIB_H 1
| #define HAVE_STRING_H 1
| #define HAVE_MEMORY_H 1
| #define HAVE_STRINGS_H 1
| #define HAVE_INTTYPES_H 1
| #define HAVE_STDINT_H 1
| #define HAVE_UNISTD_H 1
| #define HAVE_FCNTL_H 1
| #define HAVE_SYS_IOCTL_H 1
| #define HAVE_UNISTD_H 1
| /* end confdefs.h.  */
| #include <stdio.h>
| #ifdef HAVE_SYS_TYPES_H
| # include <sys/types.h>
| #endif
| #ifdef HAVE_SYS_STAT_H
| # include <sys/stat.h>
| #endif
| #ifdef STDC_HEADERS
| # include <stdlib.h>
| # include <stddef.h>
| #else
| # ifdef HAVE_STDLIB_H
| #  include <stdlib.h>
| # endif
| #endif
| #ifdef HAVE_STRING_H
| # if !defined STDC_HEADERS && defined HAVE_MEMORY_H
| #  include <memory.h>
| # endif
| # include <string.h>
| #endif
| #ifdef HAVE_STRINGS_H
| # include <strings.h>
| #endif
| #ifdef HAVE_INTTYPES_H
| # include <inttypes.h>
| #endif
| #ifdef HAVE_STDINT_H
| # include <stdint.h>
| #endif
| #ifdef HAVE_UNISTD_H
| # include <unistd.h>
| #endif
| #include <util.h>
configure:4038: result: no
configure:4038: checking util.h presence
configure:4038: gcc -E  conftest.c
conftest.c:25:18: fatal error: util.h: No such file or directory
compilation terminated.
configure:4038: $? = 1
configure: failed program was:
| /* confdefs.h */
| #define PACKAGE_NAME ""
| #define PACKAGE_TARNAME ""
| #define PACKAGE_VERSION ""
| #define PACKAGE_STRING ""
| #define PACKAGE_BUGREPORT ""
| #define PACKAGE_URL ""
| #define PACKAGE "interceptty"
| #define VERSION "0.6"
| #define STDC_HEADERS 1
| #define HAVE_SYS_WAIT_H 1
| #define HAVE_SYS_TYPES_H 1
| #define HAVE_SYS_STAT_H 1
| #define HAVE_STDLIB_H 1
| #define HAVE_STRING_H 1
| #define HAVE_MEMORY_H 1
| #define HAVE_STRINGS_H 1
| #define HAVE_INTTYPES_H 1
| #define HAVE_STDINT_H 1
| #define HAVE_UNISTD_H 1
| #define HAVE_FCNTL_H 1
| #define HAVE_SYS_IOCTL_H 1
| #define HAVE_UNISTD_H 1
| /* end confdefs.h.  */
| #include <util.h>
configure:4038: result: no
configure:4038: checking for util.h
configure:4038: result: no
configure:4038: checking sys/stropts.h usability
configure:4038: gcc -c -g -O2  conftest.c >&5
conftest.c:58:25: fatal error: sys/stropts.h: No such file or directory
compilation terminated.
configure:4038: $? = 1
configure: failed program was:
| /* confdefs.h */
| #define PACKAGE_NAME ""
| #define PACKAGE_TARNAME ""
| #define PACKAGE_VERSION ""
| #define PACKAGE_STRING ""
| #define PACKAGE_BUGREPORT ""
| #define PACKAGE_URL ""
| #define PACKAGE "interceptty"
| #define VERSION "0.6"
| #define STDC_HEADERS 1
| #define HAVE_SYS_WAIT_H 1
| #define HAVE_SYS_TYPES_H 1
| #define HAVE_SYS_STAT_H 1
| #define HAVE_STDLIB_H 1
| #define HAVE_STRING_H 1
| #define HAVE_MEMORY_H 1
| #define HAVE_STRINGS_H 1
| #define HAVE_INTTYPES_H 1
| #define HAVE_STDINT_H 1
| #define HAVE_UNISTD_H 1
| #define HAVE_FCNTL_H 1
| #define HAVE_SYS_IOCTL_H 1
| #define HAVE_UNISTD_H 1
| /* end confdefs.h.  */
| #include <stdio.h>
| #ifdef HAVE_SYS_TYPES_H
| # include <sys/types.h>
| #endif
| #ifdef HAVE_SYS_STAT_H
| # include <sys/stat.h>
| #endif
| #ifdef STDC_HEADERS
| # include <stdlib.h>
| # include <stddef.h>
| #else
| # ifdef HAVE_STDLIB_H
| #  include <stdlib.h>
| # endif
| #endif
| #ifdef HAVE_STRING_H
| # if !defined STDC_HEADERS && defined HAVE_MEMORY_H
| #  include <memory.h>
| # endif
| # include <string.h>
| #endif
| #ifdef HAVE_STRINGS_H
| # include <strings.h>
| #endif
| #ifdef HAVE_INTTYPES_H
| # include <inttypes.h>
| #endif
| #ifdef HAVE_STDINT_H
| # include <stdint.h>
| #endif
| #ifdef HAVE_UNISTD_H
| # include <unistd.h>
| #endif
| #include <sys/stropts.h>
configure:4038: result: no
configure:4038: checking sys/stropts.h presence
configure:4038: gcc -E  conftest.c
conftest.c:25:25: fatal error: sys/stropts.h: No such file or directory
compilation terminated.
configure:4038: $? = 1
configure: failed program was:
| /* confdefs.h */
| #define PACKAGE_NAME ""
| #define PACKAGE_TARNAME ""
| #define PACKAGE_VERSION ""
| #define PACKAGE_STRING ""
| #define PACKAGE_BUGREPORT ""
| #define PACKAGE_URL ""
| #define PACKAGE "interceptty"
| #define VERSION "0.6"
| #define STDC_HEADERS 1
| #define HAVE_SYS_WAIT_H 1
| #define HAVE_SYS_TYPES_H 1
| #define HAVE_SYS_STAT_H 1
| #define HAVE_STDLIB_H 1
| #define HAVE_STRING_H 1
| #define HAVE_MEMORY_H 1
| #define HAVE_STRINGS_H 1
| #define HAVE_INTTYPES_H 1
| #define HAVE_STDINT_H 1
| #define HAVE_UNISTD_H 1
| #define HAVE_FCNTL_H 1
| #define HAVE_SYS_IOCTL_H 1
| #define HAVE_UNISTD_H 1
| /* end confdefs.h.  */
| #include <sys/stropts.h>
configure:4038: result: no
configure:4038: checking for sys/stropts.h
configure:4038: result: no
configure:4038: checking pty.h usability
configure:4038: gcc -c -g -O2  conftest.c >&5
configure:4038: $? = 0
configure:4038: result: yes
configure:4038: checking pty.h presence
configure:4038: gcc -E  conftest.c
configure:4038: $? = 0
configure:4038: result: yes
configure:4038: checking for pty.h
configure:4038: result: yes
configure:4052: checking for logout
configure:4052: gcc -o conftest -g -O2   conftest.c  >&5
/tmp/ccMKaFl5.o: In function `main':
/home/zhangfeng/telechips/tcc890x_common/branches/innovbox/v0.9/tools/interceptty-0.6/conftest.c:60: undefined reference to `logout'
collect2: ld returned 1 exit status
configure:4052: $? = 1
configure: failed program was:
| /* confdefs.h */
| #define PACKAGE_NAME ""
| #define PACKAGE_TARNAME ""
| #define PACKAGE_VERSION ""
| #define PACKAGE_STRING ""
| #define PACKAGE_BUGREPORT ""
| #define PACKAGE_URL ""
| #define PACKAGE "interceptty"
| #define VERSION "0.6"
| #define STDC_HEADERS 1
| #define HAVE_SYS_WAIT_H 1
| #define HAVE_SYS_TYPES_H 1
| #define HAVE_SYS_STAT_H 1
| #define HAVE_STDLIB_H 1
| #define HAVE_STRING_H 1
| #define HAVE_MEMORY_H 1
| #define HAVE_STRINGS_H 1
| #define HAVE_INTTYPES_H 1
| #define HAVE_STDINT_H 1
| #define HAVE_UNISTD_H 1
| #define HAVE_FCNTL_H 1
| #define HAVE_SYS_IOCTL_H 1
| #define HAVE_UNISTD_H 1
| #define HAVE_PTY_H 1
| /* end confdefs.h.  */
| /* Define logout to an innocuous variant, in case <limits.h> declares logout.
|    For example, HP-UX 11i <limits.h> declares gettimeofday.  */
| #define logout innocuous_logout
| 
| /* System header to define __stub macros and hopefully few prototypes,
|     which can conflict with char logout (); below.
|     Prefer <limits.h> to <assert.h> if __STDC__ is defined, since
|     <limits.h> exists even on freestanding compilers.  */
| 
| #ifdef __STDC__
| # include <limits.h>
| #else
| # include <assert.h>
| #endif
| 
| #undef logout
| 
| /* Override any GCC internal prototype to avoid an error.
|    Use char because int might match the return type of a GCC
|    builtin and then its argument prototype would still apply.  */
| #ifdef __cplusplus
| extern "C"
| #endif
| char logout ();
| /* The GNU C library defines this for functions which it implements
|     to always fail with ENOSYS.  Some functions are actually named
|     something starting with __ and the normal name is an alias.  */
| #if defined __stub_logout || defined __stub___logout
| choke me
| #endif
| 
| int
| main ()
| {
| return logout ();
|   ;
|   return 0;
| }
configure:4052: result: no
configure:4052: checking for updwtmp
configure:4052: gcc -o conftest -g -O2   conftest.c  >&5
configure:4052: $? = 0
configure:4052: result: yes
configure:4052: checking for logwtmp
configure:4052: gcc -o conftest -g -O2   conftest.c  >&5
/tmp/ccNbfsL8.o: In function `main':
/home/zhangfeng/telechips/tcc890x_common/branches/innovbox/v0.9/tools/interceptty-0.6/conftest.c:61: undefined reference to `logwtmp'
collect2: ld returned 1 exit status
configure:4052: $? = 1
configure: failed program was:
| /* confdefs.h */
| #define PACKAGE_NAME ""
| #define PACKAGE_TARNAME ""
| #define PACKAGE_VERSION ""
| #define PACKAGE_STRING ""
| #define PACKAGE_BUGREPORT ""
| #define PACKAGE_URL ""
| #define PACKAGE "interceptty"
| #define VERSION "0.6"
| #define STDC_HEADERS 1
| #define HAVE_SYS_WAIT_H 1
| #define HAVE_SYS_TYPES_H 1
| #define HAVE_SYS_STAT_H 1
| #define HAVE_STDLIB_H 1
| #define HAVE_STRING_H 1
| #define HAVE_MEMORY_H 1
| #define HAVE_STRINGS_H 1
| #define HAVE_INTTYPES_H 1
| #define HAVE_STDINT_H 1
| #define HAVE_UNISTD_H 1
| #define HAVE_FCNTL_H 1
| #define HAVE_SYS_IOCTL_H 1
| #define HAVE_UNISTD_H 1
| #define HAVE_PTY_H 1
| #define HAVE_UPDWTMP 1
| /* end confdefs.h.  */
| /* Define logwtmp to an innocuous variant, in case <limits.h> declares logwtmp.
|    For example, HP-UX 11i <limits.h> declares gettimeofday.  */
| #define logwtmp innocuous_logwtmp
| 
| /* System header to define __stub macros and hopefully few prototypes,
|     which can conflict with char logwtmp (); below.
|     Prefer <limits.h> to <assert.h> if __STDC__ is defined, since
|     <limits.h> exists even on freestanding compilers.  */
| 
| #ifdef __STDC__
| # include <limits.h>
| #else
| # include <assert.h>
| #endif
| 
| #undef logwtmp
| 
| /* Override any GCC internal prototype to avoid an error.
|    Use char because int might match the return type of a GCC
|    builtin and then its argument prototype would still apply.  */
| #ifdef __cplusplus
| extern "C"
| #endif
| char logwtmp ();
| /* The GNU C library defines this for functions which it implements
|     to always fail with ENOSYS.  Some functions are actually named
|     something starting with __ and the normal name is an alias.  */
| #if defined __stub_logwtmp || defined __stub___logwtmp
| choke me
| #endif
| 
| int
| main ()
| {
| return logwtmp ();
|   ;
|   return 0;
| }
configure:4052: result: no
configure:4075: checking for util.h
configure:4075: result: no
configure:4087: checking libutil.h usability
configure:4087: gcc -c -g -O2  conftest.c >&5
conftest.c:60:21: fatal error: libutil.h: No such file or directory
compilation terminated.
configure:4087: $? = 1
configure: failed program was:
| /* confdefs.h */
| #define PACKAGE_NAME ""
| #define PACKAGE_TARNAME ""
| #define PACKAGE_VERSION ""
| #define PACKAGE_STRING ""
| #define PACKAGE_BUGREPORT ""
| #define PACKAGE_URL ""
| #define PACKAGE "interceptty"
| #define VERSION "0.6"
| #define STDC_HEADERS 1
| #define HAVE_SYS_WAIT_H 1
| #define HAVE_SYS_TYPES_H 1
| #define HAVE_SYS_STAT_H 1
| #define HAVE_STDLIB_H 1
| #define HAVE_STRING_H 1
| #define HAVE_MEMORY_H 1
| #define HAVE_STRINGS_H 1
| #define HAVE_INTTYPES_H 1
| #define HAVE_STDINT_H 1
| #define HAVE_UNISTD_H 1
| #define HAVE_FCNTL_H 1
| #define HAVE_SYS_IOCTL_H 1
| #define HAVE_UNISTD_H 1
| #define HAVE_PTY_H 1
| #define HAVE_UPDWTMP 1
| /* end confdefs.h.  */
| #include <stdio.h>
| #ifdef HAVE_SYS_TYPES_H
| # include <sys/types.h>
| #endif
| #ifdef HAVE_SYS_STAT_H
| # include <sys/stat.h>
| #endif
| #ifdef STDC_HEADERS
| # include <stdlib.h>
| # include <stddef.h>
| #else
| # ifdef HAVE_STDLIB_H
| #  include <stdlib.h>
| # endif
| #endif
| #ifdef HAVE_STRING_H
| # if !defined STDC_HEADERS && defined HAVE_MEMORY_H
| #  include <memory.h>
| # endif
| # include <string.h>
| #endif
| #ifdef HAVE_STRINGS_H
| # include <strings.h>
| #endif
| #ifdef HAVE_INTTYPES_H
| # include <inttypes.h>
| #endif
| #ifdef HAVE_STDINT_H
| # include <stdint.h>
| #endif
| #ifdef HAVE_UNISTD_H
| # include <unistd.h>
| #endif
| #include <libutil.h>
configure:4087: result: no
configure:4087: checking libutil.h presence
configure:4087: gcc -E  conftest.c
conftest.c:27:21: fatal error: libutil.h: No such file or directory
compilation terminated.
configure:4087: $? = 1
configure: failed program was:
| /* confdefs.h */
| #define PACKAGE_NAME ""
| #define PACKAGE_TARNAME ""
| #define PACKAGE_VERSION ""
| #define PACKAGE_STRING ""
| #define PACKAGE_BUGREPORT ""
| #define PACKAGE_URL ""
| #define PACKAGE "interceptty"
| #define VERSION "0.6"
| #define STDC_HEADERS 1
| #define HAVE_SYS_WAIT_H 1
| #define HAVE_SYS_TYPES_H 1
| #define HAVE_SYS_STAT_H 1
| #define HAVE_STDLIB_H 1
| #define HAVE_STRING_H 1
| #define HAVE_MEMORY_H 1
| #define HAVE_STRINGS_H 1
| #define HAVE_INTTYPES_H 1
| #define HAVE_STDINT_H 1
| #define HAVE_UNISTD_H 1
| #define HAVE_FCNTL_H 1
| #define HAVE_SYS_IOCTL_H 1
| #define HAVE_UNISTD_H 1
| #define HAVE_PTY_H 1
| #define HAVE_UPDWTMP 1
| /* end confdefs.h.  */
| #include <libutil.h>
configure:4087: result: no
configure:4087: checking for libutil.h
configure:4087: result: no
configure:4100: checking for openpty
configure:4100: gcc -o conftest -g -O2   conftest.c  >&5
/tmp/ccMdAB1k.o: In function `main':
/home/zhangfeng/telechips/tcc890x_common/branches/innovbox/v0.9/tools/interceptty-0.6/conftest.c:61: undefined reference to `openpty'
collect2: ld returned 1 exit status
configure:4100: $? = 1
configure: failed program was:
| /* confdefs.h */
| #define PACKAGE_NAME ""
| #define PACKAGE_TARNAME ""
| #define PACKAGE_VERSION ""
| #define PACKAGE_STRING ""
| #define PACKAGE_BUGREPORT ""
| #define PACKAGE_URL ""
| #define PACKAGE "interceptty"
| #define VERSION "0.6"
| #define STDC_HEADERS 1
| #define HAVE_SYS_WAIT_H 1
| #define HAVE_SYS_TYPES_H 1
| #define HAVE_SYS_STAT_H 1
| #define HAVE_STDLIB_H 1
| #define HAVE_STRING_H 1
| #define HAVE_MEMORY_H 1
| #define HAVE_STRINGS_H 1
| #define HAVE_INTTYPES_H 1
| #define HAVE_STDINT_H 1
| #define HAVE_UNISTD_H 1
| #define HAVE_FCNTL_H 1
| #define HAVE_SYS_IOCTL_H 1
| #define HAVE_UNISTD_H 1
| #define HAVE_PTY_H 1
| #define HAVE_UPDWTMP 1
| /* end confdefs.h.  */
| /* Define openpty to an innocuous variant, in case <limits.h> declares openpty.
|    For example, HP-UX 11i <limits.h> declares gettimeofday.  */
| #define openpty innocuous_openpty
| 
| /* System header to define __stub macros and hopefully few prototypes,
|     which can conflict with char openpty (); below.
|     Prefer <limits.h> to <assert.h> if __STDC__ is defined, since
|     <limits.h> exists even on freestanding compilers.  */
| 
| #ifdef __STDC__
| # include <limits.h>
| #else
| # include <assert.h>
| #endif
| 
| #undef openpty
| 
| /* Override any GCC internal prototype to avoid an error.
|    Use char because int might match the return type of a GCC
|    builtin and then its argument prototype would still apply.  */
| #ifdef __cplusplus
| extern "C"
| #endif
| char openpty ();
| /* The GNU C library defines this for functions which it implements
|     to always fail with ENOSYS.  Some functions are actually named
|     something starting with __ and the normal name is an alias.  */
| #if defined __stub_openpty || defined __stub___openpty
| choke me
| #endif
| 
| int
| main ()
| {
| return openpty ();
|   ;
|   return 0;
| }
configure:4100: result: no
configure:4109: checking for library containing openpty
configure:4140: gcc -o conftest -g -O2   conftest.c  >&5
/tmp/cci7EE9m.o: In function `main':
/home/zhangfeng/telechips/tcc890x_common/branches/innovbox/v0.9/tools/interceptty-0.6/conftest.c:38: undefined reference to `openpty'
collect2: ld returned 1 exit status
configure:4140: $? = 1
configure: failed program was:
| /* confdefs.h */
| #define PACKAGE_NAME ""
| #define PACKAGE_TARNAME ""
| #define PACKAGE_VERSION ""
| #define PACKAGE_STRING ""
| #define PACKAGE_BUGREPORT ""
| #define PACKAGE_URL ""
| #define PACKAGE "interceptty"
| #define VERSION "0.6"
| #define STDC_HEADERS 1
| #define HAVE_SYS_WAIT_H 1
| #define HAVE_SYS_TYPES_H 1
| #define HAVE_SYS_STAT_H 1
| #define HAVE_STDLIB_H 1
| #define HAVE_STRING_H 1
| #define HAVE_MEMORY_H 1
| #define HAVE_STRINGS_H 1
| #define HAVE_INTTYPES_H 1
| #define HAVE_STDINT_H 1
| #define HAVE_UNISTD_H 1
| #define HAVE_FCNTL_H 1
| #define HAVE_SYS_IOCTL_H 1
| #define HAVE_UNISTD_H 1
| #define HAVE_PTY_H 1
| #define HAVE_UPDWTMP 1
| /* end confdefs.h.  */
| 
| /* Override any GCC internal prototype to avoid an error.
|    Use char because int might match the return type of a GCC
|    builtin and then its argument prototype would still apply.  */
| #ifdef __cplusplus
| extern "C"
| #endif
| char openpty ();
| int
| main ()
| {
| return openpty ();
|   ;
|   return 0;
| }
configure:4140: gcc -o conftest -g -O2   conftest.c -lutil   >&5
configure:4140: $? = 0
configure:4157: result: -lutil
configure:4170: checking return type of signal handlers
configure:4188: gcc -c -g -O2  conftest.c >&5
conftest.c: In function 'main':
conftest.c:34:1: error: void value not ignored as it ought to be
configure:4188: $? = 1
configure: failed program was:
| /* confdefs.h */
| #define PACKAGE_NAME ""
| #define PACKAGE_TARNAME ""
| #define PACKAGE_VERSION ""
| #define PACKAGE_STRING ""
| #define PACKAGE_BUGREPORT ""
| #define PACKAGE_URL ""
| #define PACKAGE "interceptty"
| #define VERSION "0.6"
| #define STDC_HEADERS 1
| #define HAVE_SYS_WAIT_H 1
| #define HAVE_SYS_TYPES_H 1
| #define HAVE_SYS_STAT_H 1
| #define HAVE_STDLIB_H 1
| #define HAVE_STRING_H 1
| #define HAVE_MEMORY_H 1
| #define HAVE_STRINGS_H 1
| #define HAVE_INTTYPES_H 1
| #define HAVE_STDINT_H 1
| #define HAVE_UNISTD_H 1
| #define HAVE_FCNTL_H 1
| #define HAVE_SYS_IOCTL_H 1
| #define HAVE_UNISTD_H 1
| #define HAVE_PTY_H 1
| #define HAVE_UPDWTMP 1
| #define HAVE_OPENPTY 1
| /* end confdefs.h.  */
| #include <sys/types.h>
| #include <signal.h>
| 
| int
| main ()
| {
| return *(signal (0, 0)) (0) == 1;
|   ;
|   return 0;
| }
configure:4195: result: void
configure:4203: checking for gethostbyname in -lnsl
configure:4228: gcc -o conftest -g -O2   conftest.c -lnsl  -lutil  >&5
configure:4228: $? = 0
configure:4237: result: yes
configure:4248: checking for setsockopt in -lsocket
configure:4273: gcc -o conftest -g -O2   conftest.c -lsocket setsockopt -lnsl -lutil  >&5
gcc: setsockopt: No such file or directory
configure:4273: $? = 1
configure: failed program was:
| /* confdefs.h */
| #define PACKAGE_NAME ""
| #define PACKAGE_TARNAME ""
| #define PACKAGE_VERSION ""
| #define PACKAGE_STRING ""
| #define PACKAGE_BUGREPORT ""
| #define PACKAGE_URL ""
| #define PACKAGE "interceptty"
| #define VERSION "0.6"
| #define STDC_HEADERS 1
| #define HAVE_SYS_WAIT_H 1
| #define HAVE_SYS_TYPES_H 1
| #define HAVE_SYS_STAT_H 1
| #define HAVE_STDLIB_H 1
| #define HAVE_STRING_H 1
| #define HAVE_MEMORY_H 1
| #define HAVE_STRINGS_H 1
| #define HAVE_INTTYPES_H 1
| #define HAVE_STDINT_H 1
| #define HAVE_UNISTD_H 1
| #define HAVE_FCNTL_H 1
| #define HAVE_SYS_IOCTL_H 1
| #define HAVE_UNISTD_H 1
| #define HAVE_PTY_H 1
| #define HAVE_UPDWTMP 1
| #define HAVE_OPENPTY 1
| #define RETSIGTYPE void
| #define HAVE_LIBNSL 1
| /* end confdefs.h.  */
| 
| /* Override any GCC internal prototype to avoid an error.
|    Use char because int might match the return type of a GCC
|    builtin and then its argument prototype would still apply.  */
| #ifdef __cplusplus
| extern "C"
| #endif
| char setsockopt ();
| int
| main ()
| {
| return setsockopt ();
|   ;
|   return 0;
| }
configure:4282: result: no
configure:4296: checking for _getpty
configure:4296: gcc -o conftest -g -O2   conftest.c -lnsl -lutil  >&5
/tmp/ccQPnBVy.o: In function `main':
/home/zhangfeng/telechips/tcc890x_common/branches/innovbox/v0.9/tools/interceptty-0.6/conftest.c:64: undefined reference to `_getpty'
collect2: ld returned 1 exit status
configure:4296: $? = 1
configure: failed program was:
| /* confdefs.h */
| #define PACKAGE_NAME ""
| #define PACKAGE_TARNAME ""
| #define PACKAGE_VERSION ""
| #define PACKAGE_STRING ""
| #define PACKAGE_BUGREPORT ""
| #define PACKAGE_URL ""
| #define PACKAGE "interceptty"
| #define VERSION "0.6"
| #define STDC_HEADERS 1
| #define HAVE_SYS_WAIT_H 1
| #define HAVE_SYS_TYPES_H 1
| #define HAVE_SYS_STAT_H 1
| #define HAVE_STDLIB_H 1
| #define HAVE_STRING_H 1
| #define HAVE_MEMORY_H 1
| #define HAVE_STRINGS_H 1
| #define HAVE_INTTYPES_H 1
| #define HAVE_STDINT_H 1
| #define HAVE_UNISTD_H 1
| #define HAVE_FCNTL_H 1
| #define HAVE_SYS_IOCTL_H 1
| #define HAVE_UNISTD_H 1
| #define HAVE_PTY_H 1
| #define HAVE_UPDWTMP 1
| #define HAVE_OPENPTY 1
| #define RETSIGTYPE void
| #define HAVE_LIBNSL 1
| /* end confdefs.h.  */
| /* Define _getpty to an innocuous variant, in case <limits.h> declares _getpty.
|    For example, HP-UX 11i <limits.h> declares gettimeofday.  */
| #define _getpty innocuous__getpty
| 
| /* System header to define __stub macros and hopefully few prototypes,
|     which can conflict with char _getpty (); below.
|     Prefer <limits.h> to <assert.h> if __STDC__ is defined, since
|     <limits.h> exists even on freestanding compilers.  */
| 
| #ifdef __STDC__
| # include <limits.h>
| #else
| # include <assert.h>
| #endif
| 
| #undef _getpty
| 
| /* Override any GCC internal prototype to avoid an error.
|    Use char because int might match the return type of a GCC
|    builtin and then its argument prototype would still apply.  */
| #ifdef __cplusplus
| extern "C"
| #endif
| char _getpty ();
| /* The GNU C library defines this for functions which it implements
|     to always fail with ENOSYS.  Some functions are actually named
|     something starting with __ and the normal name is an alias.  */
| #if defined __stub__getpty || defined __stub____getpty
| choke me
| #endif
| 
| int
| main ()
| {
| return _getpty ();
|   ;
|   return 0;
| }
configure:4296: result: no
configure:4296: checking for select
configure:4296: gcc -o conftest -g -O2   conftest.c -lnsl -lutil  >&5
configure:4296: $? = 0
configure:4296: result: yes
configure:4296: checking for strerror
configure:4296: gcc -o conftest -g -O2   conftest.c -lnsl -lutil  >&5
configure:4296: $? = 0
configure:4296: result: yes
configure:4326: checking for "/dev/ptmx"
configure:4340: result: yes
configure:4363: checking for "/dev/ptc"
configure:4377: result: no
configure:4515: creating ./config.status

## ---------------- ##
## Cache variables. ##
## ---------------- ##

ac_cv_c_compiler_gnu=yes
ac_cv_env_CC_set=
ac_cv_env_CC_value=
ac_cv_env_CFLAGS_set=
ac_cv_env_CFLAGS_value=
ac_cv_env_CPPFLAGS_set=
ac_cv_env_CPPFLAGS_value=
ac_cv_env_CPP_set=
ac_cv_env_CPP_value=
ac_cv_env_LDFLAGS_set=
ac_cv_env_LDFLAGS_value=
ac_cv_env_LIBS_set=
ac_cv_env_LIBS_value=
ac_cv_env_build_alias_set=
ac_cv_env_build_alias_value=
ac_cv_env_host_alias_set=
ac_cv_env_host_alias_value=
ac_cv_env_target_alias_set=
ac_cv_env_target_alias_value=
ac_cv_file__dev_ptc=no
ac_cv_file__dev_ptmx=yes
ac_cv_func__getpty=no
ac_cv_func_logout=no
ac_cv_func_logwtmp=no
ac_cv_func_openpty=no
ac_cv_func_select=yes
ac_cv_func_strerror=yes
ac_cv_func_updwtmp=yes
ac_cv_header_fcntl_h=yes
ac_cv_header_inttypes_h=yes
ac_cv_header_libutil_h=no
ac_cv_header_memory_h=yes
ac_cv_header_pty_h=yes
ac_cv_header_stdc=yes
ac_cv_header_stdint_h=yes
ac_cv_header_stdlib_h=yes
ac_cv_header_string_h=yes
ac_cv_header_strings_h=yes
ac_cv_header_sys_ioctl_h=yes
ac_cv_header_sys_stat_h=yes
ac_cv_header_sys_stropts_h=no
ac_cv_header_sys_types_h=yes
ac_cv_header_sys_wait_h=yes
ac_cv_header_unistd_h=yes
ac_cv_header_util_h=no
ac_cv_lib_nsl_gethostbyname=yes
ac_cv_lib_socket_setsockopt=no
ac_cv_objext=o
ac_cv_path_EGREP='/bin/grep -E'
ac_cv_path_GREP=/bin/grep
ac_cv_path_install='/usr/bin/install -c'
ac_cv_path_mkdir=/bin/mkdir
ac_cv_prog_AWK=gawk
ac_cv_prog_CPP='gcc -E'
ac_cv_prog_ac_ct_CC=gcc
ac_cv_prog_cc_c89=
ac_cv_prog_cc_g=yes
ac_cv_prog_make_make_set=yes
ac_cv_search_openpty=-lutil
ac_cv_type_signal=void
am_cv_CC_dependencies_compiler_type=gcc3

## ----------------- ##
## Output variables. ##
## ----------------- ##

ACLOCAL='${SHELL} /home/zhangfeng/telechips/tcc890x_common/branches/innovbox/v0.9/tools/interceptty-0.6/missing --run aclocal-1.11'
AMDEPBACKSLASH='\'
AMDEP_FALSE='#'
AMDEP_TRUE=''
AMTAR='${SHELL} /home/zhangfeng/telechips/tcc890x_common/branches/innovbox/v0.9/tools/interceptty-0.6/missing --run tar'
AUTOCONF='${SHELL} /home/zhangfeng/telechips/tcc890x_common/branches/innovbox/v0.9/tools/interceptty-0.6/missing --run autoconf'
AUTOHEADER='${SHELL} /home/zhangfeng/telechips/tcc890x_common/branches/innovbox/v0.9/tools/interceptty-0.6/missing --run autoheader'
AUTOMAKE='${SHELL} /home/zhangfeng/telechips/tcc890x_common/branches/innovbox/v0.9/tools/interceptty-0.6/missing --run automake-1.11'
AWK='gawk'
CC='gcc'
CCDEPMODE='depmode=gcc3'
CFLAGS='-g -O2'
CPP='gcc -E'
CPPFLAGS=''
CYGPATH_W='echo'
DEFS='-DHAVE_CONFIG_H'
DEPDIR='.deps'
ECHO_C=''
ECHO_N='-n'
ECHO_T=''
EGREP='/bin/grep -E'
EXEEXT=''
GREP='/bin/grep'
INSTALL_DATA='${INSTALL} -m 644'
INSTALL_PROGRAM='${INSTALL}'
INSTALL_SCRIPT='${INSTALL}'
INSTALL_STRIP_PROGRAM='$(install_sh) -c -s'
LDFLAGS=''
LIBOBJS=''
LIBS='-lnsl -lutil '
LTLIBOBJS=''
MAKEINFO='${SHELL} /home/zhangfeng/telechips/tcc890x_common/branches/innovbox/v0.9/tools/interceptty-0.6/missing --run makeinfo'
MKDIR_P='/bin/mkdir -p'
OBJEXT='o'
PACKAGE='interceptty'
PACKAGE_BUGREPORT=''
PACKAGE_NAME=''
PACKAGE_STRING=''
PACKAGE_TARNAME=''
PACKAGE_URL=''
PACKAGE_VERSION=''
PATH_SEPARATOR=':'
SET_MAKE=''
SHELL='/bin/sh'
STRIP=''
VERSION='0.6'
ac_ct_CC='gcc'
am__EXEEXT_FALSE=''
am__EXEEXT_TRUE='#'
am__fastdepCC_FALSE='#'
am__fastdepCC_TRUE=''
am__include='include'
am__isrc=''
am__leading_dot='.'
am__quote=''
am__tar='${AMTAR} chof - "$$tardir"'
am__untar='${AMTAR} xf -'
bindir='${exec_prefix}/bin'
build_alias=''
datadir='${datarootdir}'
datarootdir='${prefix}/share'
docdir='${datarootdir}/doc/${PACKAGE}'
dvidir='${docdir}'
exec_prefix='${prefix}'
host_alias=''
htmldir='${docdir}'
includedir='${prefix}/include'
infodir='${datarootdir}/info'
install_sh='${SHELL} /home/zhangfeng/telechips/tcc890x_common/branches/innovbox/v0.9/tools/interceptty-0.6/install-sh'
libdir='${exec_prefix}/lib'
libexecdir='${exec_prefix}/libexec'
localedir='${datarootdir}/locale'
localstatedir='${prefix}/var'
mandir='${datarootdir}/man'
mkdir_p='/bin/mkdir -p'
oldincludedir='/usr/include'
pdfdir='${docdir}'
prefix='/usr/local'
program_transform_name='s,x,x,'
psdir='${docdir}'
sbindir='${exec_prefix}/sbin'
sharedstatedir='${prefix}/com'
sysconfdir='${prefix}/etc'
target_alias=''

## ----------- ##
## confdefs.h. ##
## ----------- ##

/* confdefs.h */
#define PACKAGE_NAME ""
#define PACKAGE_TARNAME ""
#define PACKAGE_VERSION ""
#define PACKAGE_STRING ""
#define PACKAGE_BUGREPORT ""
#define PACKAGE_URL ""
#define PACKAGE "interceptty"
#define VERSION "0.6"
#define STDC_HEADERS 1
#define HAVE_SYS_WAIT_H 1
#define HAVE_SYS_TYPES_H 1
#define HAVE_SYS_STAT_H 1
#define HAVE_STDLIB_H 1
#define HAVE_STRING_H 1
#define HAVE_MEMORY_H 1
#define HAVE_STRINGS_H 1
#define HAVE_INTTYPES_H 1
#define HAVE_STDINT_H 1
#define HAVE_UNISTD_H 1
#define HAVE_FCNTL_H 1
#define HAVE_SYS_IOCTL_H 1
#define HAVE_UNISTD_H 1
#define HAVE_PTY_H 1
#define HAVE_UPDWTMP 1
#define HAVE_OPENPTY 1
#define RETSIGTYPE void
#define HAVE_LIBNSL 1
#define HAVE_SELECT 1
#define HAVE_STRERROR 1
#define HAVE_DEV_PTMX 1

configure: exit 0

## ---------------------- ##
## Running config.status. ##
## ---------------------- ##

This file was extended by config.status, which was
generated by GNU Autoconf 2.66.  Invocation command line was

  CONFIG_FILES    = 
  CONFIG_HEADERS  = 
  CONFIG_LINKS    = 
  CONFIG_COMMANDS = 
  $ ./config.status 

on localhost.localdomain

config.status:862: creating Makefile
config.status:862: creating config.h
config.status:1042: config.h is unchanged
config.status:1090: executing depfiles commands

## ---------------------- ##
## Running config.status. ##
## ---------------------- ##

This file was extended by config.status, which was
generated by GNU Autoconf 2.66.  Invocation command line was

  CONFIG_FILES    = 
  CONFIG_HEADERS  = 
  CONFIG_LINKS    = 
  CONFIG_COMMANDS = 
  $ ./config.status config.h

on localhost.localdomain

config.status:862: creating config.h
config.status:1042: config.h is unchanged
